2025-01-24 16:21:13.753 PST [34681] LOG:  starting PostgreSQL 17.2 (Postgres.app) on aarch64-apple-darwin23.6.0, compiled by Apple clang version 15.0.0 (clang-1500.3.9.4), 64-bit
2025-01-24 16:21:13.756 PST [34681] LOG:  listening on IPv4 address "127.0.0.1", port 5434
2025-01-24 16:21:13.757 PST [34681] LOG:  listening on IPv6 address "::1", port 5434
2025-01-24 16:21:13.757 PST [34681] LOG:  listening on Unix socket "/tmp/.s.PGSQL.5434"
2025-01-24 16:21:13.762 PST [34684] LOG:  database system was shut down at 2025-01-24 16:21:13 PST
2025-01-24 16:21:13.765 PST [34681] LOG:  database system is ready to accept connections
2025-01-24 16:21:22.350 PostgresPermissionDialog[34977:11710214] +[IMKClient subclass]: chose IMKClient_Modern
2025-01-24 16:21:22.350 PostgresPermissionDialog[34977:11710214] +[IMKInputSession subclass]: chose IMKInputSession_Modern
2025-01-24 16:24:56.082 PST [34681] LOG:  received fast shutdown request
2025-01-24 16:24:56.083 PST [34681] LOG:  aborting any active transactions
2025-01-24 16:24:56.085 PST [34681] LOG:  background worker "logical replication launcher" (PID 34687) exited with exit code 1
2025-01-24 16:24:56.085 PST [34682] LOG:  shutting down
2025-01-24 16:24:56.085 PST [34682] LOG:  checkpoint starting: shutdown immediate
2025-01-24 16:24:56.136 PST [34682] LOG:  checkpoint complete: wrote 987 buffers (6.0%); 0 WAL file(s) added, 0 removed, 0 recycled; write=0.026 s, sync=0.023 s, total=0.051 s; sync files=317, longest=0.001 s, average=0.001 s; distance=4592 kB, estimate=4592 kB; lsn=0/1983D40, redo lsn=0/1983D40
2025-01-24 16:24:56.140 PST [34681] LOG:  database system is shut down
2025-01-24 16:25:20.202 PST [36532] LOG:  starting PostgreSQL 17.2 (Postgres.app) on aarch64-apple-darwin23.6.0, compiled by Apple clang version 15.0.0 (clang-1500.3.9.4), 64-bit
2025-01-24 16:25:20.205 PST [36532] LOG:  listening on IPv4 address "127.0.0.1", port 5434
2025-01-24 16:25:20.205 PST [36532] LOG:  listening on IPv6 address "::1", port 5434
2025-01-24 16:25:20.206 PST [36532] LOG:  listening on Unix socket "/tmp/.s.PGSQL.5434"
2025-01-24 16:25:20.211 PST [36535] LOG:  database system was shut down at 2025-01-24 16:25:07 PST
2025-01-24 16:25:20.214 PST [36532] LOG:  database system is ready to accept connections
2025-01-24 16:30:20.210 PST [36533] LOG:  checkpoint starting: time
2025-01-24 16:30:20.317 PST [36533] LOG:  checkpoint complete: wrote 4 buffers (0.0%); 0 WAL file(s) added, 0 removed, 0 recycled; write=0.103 s, sync=0.001 s, total=0.108 s; sync files=3, longest=0.001 s, average=0.001 s; distance=0 kB, estimate=0 kB; lsn=0/1984830, redo lsn=0/19847D8
2025-01-24 16:46:55.576 PST [36533] LOG:  checkpoint starting: time
2025-01-24 16:48:30.596 PST [36533] LOG:  checkpoint complete: wrote 944 buffers (5.8%); 1 WAL file(s) added, 0 removed, 0 recycled; write=94.970 s, sync=0.017 s, total=95.020 s; sync files=303, longest=0.001 s, average=0.001 s; distance=4318 kB, estimate=4318 kB; lsn=0/1DBC1C8, redo lsn=0/1DBC138
2025-01-24 16:54:08.113 PostgresPermissionDialog[44045:11754721] +[IMKClient subclass]: chose IMKClient_Modern
2025-01-24 16:54:08.114 PostgresPermissionDialog[44045:11754721] +[IMKInputSession subclass]: chose IMKInputSession_Modern
2025-01-24 17:41:55.661 PST [36533] LOG:  checkpoint starting: time
2025-01-24 17:42:01.060 PST [36533] LOG:  checkpoint complete: wrote 54 buffers (0.3%); 0 WAL file(s) added, 0 removed, 0 recycled; write=5.390 s, sync=0.005 s, total=5.400 s; sync files=47, longest=0.001 s, average=0.001 s; distance=168 kB, estimate=3903 kB; lsn=0/1DE64F8, redo lsn=0/1DE6468
2025-01-24 17:51:55.081 PST [36533] LOG:  checkpoint starting: time
2025-01-24 17:51:58.517 PST [36533] LOG:  checkpoint complete: wrote 35 buffers (0.2%); 0 WAL file(s) added, 0 removed, 0 recycled; write=3.426 s, sync=0.008 s, total=3.437 s; sync files=29, longest=0.001 s, average=0.001 s; distance=157 kB, estimate=3528 kB; lsn=0/1E0DB40, redo lsn=0/1E0DAE8
2025-01-25 13:38:19.666 PST [20472] ERROR:  duplicate key value violates unique constraint "uni_users_email"
2025-01-25 13:38:19.666 PST [20472] DETAIL:  Key (email)=(testEmail.com) already exists.
2025-01-25 13:38:19.666 PST [20472] STATEMENT:  INSERT INTO "users" ("name","email","password") VALUES ($1,$2,$3) RETURNING "id"
2025-01-25 13:38:23.301 PST [20472] ERROR:  duplicate key value violates unique constraint "uni_users_email"
2025-01-25 13:38:23.301 PST [20472] DETAIL:  Key (email)=(testEmail.com) already exists.
2025-01-25 13:38:23.301 PST [20472] STATEMENT:  INSERT INTO "users" ("name","email","password") VALUES ($1,$2,$3) RETURNING "id"
2025-01-25 13:38:26.661 PST [20472] ERROR:  duplicate key value violates unique constraint "uni_users_email"
2025-01-25 13:38:26.661 PST [20472] DETAIL:  Key (email)=(testEmail.com) already exists.
2025-01-25 13:38:26.661 PST [20472] STATEMENT:  INSERT INTO "users" ("name","email","password") VALUES ($1,$2,$3) RETURNING "id"
2025-01-25 13:39:23.026 PST [36533] LOG:  checkpoint starting: time
2025-01-25 13:39:24.346 PST [36533] LOG:  checkpoint complete: wrote 14 buffers (0.1%); 0 WAL file(s) added, 0 removed, 0 recycled; write=1.314 s, sync=0.003 s, total=1.321 s; sync files=10, longest=0.001 s, average=0.001 s; distance=17 kB, estimate=3177 kB; lsn=0/1E11FB0, redo lsn=0/1E11F58
2025-01-25 13:40:12.816 PST [21639] ERROR:  syntax error at or near "table" at character 21
2025-01-25 13:40:12.816 PST [21639] STATEMENT:  select * from users
	table users
	select * from users;
2025-01-25 14:34:40.696 PST [35033] ERROR:  duplicate key value violates unique constraint "uni_users_email"
2025-01-25 14:34:40.696 PST [35033] DETAIL:  Key (email)=(testEmail.com) already exists.
2025-01-25 14:34:40.696 PST [35033] STATEMENT:  INSERT INTO "users" ("name","email","password") VALUES ($1,$2,$3) RETURNING "id"
2025-01-25 14:37:33.289 PST [36533] LOG:  checkpoint starting: time
2025-01-25 14:37:33.597 PST [36533] LOG:  checkpoint complete: wrote 4 buffers (0.0%); 0 WAL file(s) added, 0 removed, 0 recycled; write=0.305 s, sync=0.001 s, total=0.309 s; sync files=4, longest=0.001 s, average=0.001 s; distance=1 kB, estimate=2860 kB; lsn=0/1E12520, redo lsn=0/1E124C8
2025-01-25 19:42:06.944 PST [36533] LOG:  checkpoint starting: time
2025-01-25 19:42:09.376 PST [36533] LOG:  checkpoint complete: wrote 25 buffers (0.2%); 0 WAL file(s) added, 0 removed, 0 recycled; write=2.422 s, sync=0.006 s, total=2.433 s; sync files=23, longest=0.001 s, average=0.001 s; distance=106 kB, estimate=2584 kB; lsn=0/1E2CD50, redo lsn=0/1E2CCF8
2025-01-25 21:11:15.166 PST [36532] LOG:  received fast shutdown request
2025-01-25 21:11:15.167 PST [36532] LOG:  aborting any active transactions
2025-01-25 21:11:15.169 PST [36532] LOG:  background worker "logical replication launcher" (PID 36538) exited with exit code 1
2025-01-25 21:11:15.170 PST [36533] LOG:  shutting down
2025-01-25 21:11:15.170 PST [36533] LOG:  checkpoint starting: shutdown immediate
2025-01-25 21:11:15.176 PST [36533] LOG:  checkpoint complete: wrote 1 buffers (0.0%); 0 WAL file(s) added, 0 removed, 0 recycled; write=0.002 s, sync=0.001 s, total=0.006 s; sync files=1, longest=0.001 s, average=0.001 s; distance=0 kB, estimate=2326 kB; lsn=0/1E2CE00, redo lsn=0/1E2CE00
2025-01-25 21:11:15.181 PST [36532] LOG:  database system is shut down
